<?xml version="1.0" encoding="UTF-8"?>
<testsuite xmlns:xsi="http://www.w3.org/2001/XMLSchema-instance" xsi:schemaLocation="https://maven.apache.org/surefire/maven-surefire-plugin/xsd/surefire-test-report.xsd" name="TestSuite" time="11.648" tests="12" errors="0" skipped="11" failures="1">
  <properties>
[...]
</properties>
  <testcase name="SetupApplication" classname="Hotel_Dweb.Hotel" time="11.482">
    <failure message="session not created&#10;from chrome not reachable&#10;  (Session info: chrome=75.0.3770.80)&#10;Build info: version: &apos;3.8.1&apos;, revision: &apos;6e95a6684b&apos;, time: &apos;2017-12-01T18:33:54.468Z&apos;&#10;System info: host: &apos;DEVENDRAGUPTA&apos;, ip: &apos;192.168.30.32&apos;, os.name: &apos;Windows 10&apos;, os.arch: &apos;amd64&apos;, os.version: &apos;10.0&apos;, java.version: &apos;1.8.0_211&apos;&#10;Driver info: driver.version: ChromeDriver&#10;remote stacktrace: Backtrace:&#10;	Ordinal0 [0x00B17DF3+1474035]&#10;	Ordinal0 [0x00A907D1+919505]&#10;	Ordinal0 [0x00A2C9B9+510393]&#10;	Ordinal0 [0x00A25749+481097]&#10;	Ordinal0 [0x00A25CE7+482535]&#10;	Ordinal0 [0x00A26D55+486741]&#10;	Ordinal0 [0x00A22C2F+470063]&#10;	Ordinal0 [0x00A2D7F0+514032]&#10;	Ordinal0 [0x009E15EA+202218]&#10;	Ordinal0 [0x009E069D+198301]&#10;	Ordinal0 [0x009DEECB+192203]&#10;	Ordinal0 [0x009C5FF6+90102]&#10;	Ordinal0 [0x009C765A+95834]&#10;	Ordinal0 [0x009C7554+95572]&#10;	GetHandleVerifier [0x00C7231C+1249612]&#10;	GetHandleVerifier [0x00BC1575+525221]&#10;	GetHandleVerifier [0x00BC1310+524608]&#10;	Ordinal0 [0x00B25D28+1531176]&#10;	GetHandleVerifier [0x00BC1D4A+527226]&#10;	Ordinal0 [0x00AA75F6+1013238]&#10;	Ordinal0 [0x00AA746F+1012847]&#10;	Ordinal0 [0x00AB365B+1062491]&#10;	Ordinal0 [0x00AB379F+1062815]&#10;	Ordinal0 [0x00AB2745+1058629]&#10;	BaseThreadInitThunk [0x760F0419+25]&#10;	RtlGetAppContainerNamedObjectPath [0x7747662D+237]&#10;	RtlGetAppContainerNamedObjectPath [0x774765FD+189]&#10;" type="org.openqa.selenium.SessionNotCreatedException">org.openqa.selenium.SessionNotCreatedException: 
session not created
from chrome not reachable
  (Session info: chrome=75.0.3770.80)
Build info: version: '3.8.1', revision: '6e95a6684b', time: '2017-12-01T18:33:54.468Z'
System info: host: 'DEVENDRAGUPTA', ip: '192.168.30.32', os.name: 'Windows 10', os.arch: 'amd64', os.version: '10.0', java.version: '1.8.0_211'
Driver info: driver.version: ChromeDriver
remote stacktrace: Backtrace:
	Ordinal0 [0x00B17DF3+1474035]
	Ordinal0 [0x00A907D1+919505]
	Ordinal0 [0x00A2C9B9+510393]
	Ordinal0 [0x00A25749+481097]
	Ordinal0 [0x00A25CE7+482535]
	Ordinal0 [0x00A26D55+486741]
	Ordinal0 [0x00A22C2F+470063]
	Ordinal0 [0x00A2D7F0+514032]
	Ordinal0 [0x009E15EA+202218]
	Ordinal0 [0x009E069D+198301]
	Ordinal0 [0x009DEECB+192203]
	Ordinal0 [0x009C5FF6+90102]
	Ordinal0 [0x009C765A+95834]
	Ordinal0 [0x009C7554+95572]
	GetHandleVerifier [0x00C7231C+1249612]
	GetHandleVerifier [0x00BC1575+525221]
	GetHandleVerifier [0x00BC1310+524608]
	Ordinal0 [0x00B25D28+1531176]
	GetHandleVerifier [0x00BC1D4A+527226]
	Ordinal0 [0x00AA75F6+1013238]
	Ordinal0 [0x00AA746F+1012847]
	Ordinal0 [0x00AB365B+1062491]
	Ordinal0 [0x00AB379F+1062815]
	Ordinal0 [0x00AB2745+1058629]
	BaseThreadInitThunk [0x760F0419+25]
	RtlGetAppContainerNamedObjectPath [0x7747662D+237]
	RtlGetAppContainerNamedObjectPath [0x774765FD+189]

	at Hotel_Dweb.Hotel.SetupApplication(Hotel.java:46)
</failure>
    <system-out><![CDATA[========= Browser Seesion Started=======
]]></system-out>
    <system-err><![CDATA[Starting ChromeDriver 75.0.3770.8 (681f24ea911fe754973dda2fdc6d2a2e159dd300-refs/branch-heads/3770@{#40}) on port 45615
Only local connections are allowed.
Please protect ports used by ChromeDriver and related test frameworks to prevent access by malicious code.
[1594109816.517][WARNING]: Timed out connecting to Chrome, retrying...
]]></system-err>
  </testcase>
  <testcase name="SetupApplication" classname="Hotel_Dweb.Hotel" time="0">
    <skipped/>
  </testcase>
  <testcase name="SetupApplication" classname="Hotel_Dweb.Hotel" time="0">
    <skipped/>
  </testcase>
  <testcase name="SetupApplication" classname="Hotel_Dweb.Hotel" time="0">
    <skipped/>
  </testcase>
  <testcase name="main" classname="Hotel_Dweb.Hotel" time="0">
    <skipped message="session not created&#10;from chrome not reachable&#10;  (Session info: chrome=75.0.3770.80)&#10;Build info: version: &apos;3.8.1&apos;, revision: &apos;6e95a6684b&apos;, time: &apos;2017-12-01T18:33:54.468Z&apos;&#10;System info: host: &apos;DEVENDRAGUPTA&apos;, ip: &apos;192.168.30.32&apos;, os.name: &apos;Windows 10&apos;, os.arch: &apos;amd64&apos;, os.version: &apos;10.0&apos;, java.version: &apos;1.8.0_211&apos;&#10;Driver info: driver.version: ChromeDriver&#10;remote stacktrace: Backtrace:&#10;	Ordinal0 [0x00B17DF3+1474035]&#10;	Ordinal0 [0x00A907D1+919505]&#10;	Ordinal0 [0x00A2C9B9+510393]&#10;	Ordinal0 [0x00A25749+481097]&#10;	Ordinal0 [0x00A25CE7+482535]&#10;	Ordinal0 [0x00A26D55+486741]&#10;	Ordinal0 [0x00A22C2F+470063]&#10;	Ordinal0 [0x00A2D7F0+514032]&#10;	Ordinal0 [0x009E15EA+202218]&#10;	Ordinal0 [0x009E069D+198301]&#10;	Ordinal0 [0x009DEECB+192203]&#10;	Ordinal0 [0x009C5FF6+90102]&#10;	Ordinal0 [0x009C765A+95834]&#10;	Ordinal0 [0x009C7554+95572]&#10;	GetHandleVerifier [0x00C7231C+1249612]&#10;	GetHandleVerifier [0x00BC1575+525221]&#10;	GetHandleVerifier [0x00BC1310+524608]&#10;	Ordinal0 [0x00B25D28+1531176]&#10;	GetHandleVerifier [0x00BC1D4A+527226]&#10;	Ordinal0 [0x00AA75F6+1013238]&#10;	Ordinal0 [0x00AA746F+1012847]&#10;	Ordinal0 [0x00AB365B+1062491]&#10;	Ordinal0 [0x00AB379F+1062815]&#10;	Ordinal0 [0x00AB2745+1058629]&#10;	BaseThreadInitThunk [0x760F0419+25]&#10;	RtlGetAppContainerNamedObjectPath [0x7747662D+237]&#10;	RtlGetAppContainerNamedObjectPath [0x774765FD+189]&#10;"/>
  </testcase>
  <testcase name="main" classname="Hotel_Dweb.Hotel" time="0">
    <skipped message="session not created&#10;from chrome not reachable&#10;  (Session info: chrome=75.0.3770.80)&#10;Build info: version: &apos;3.8.1&apos;, revision: &apos;6e95a6684b&apos;, time: &apos;2017-12-01T18:33:54.468Z&apos;&#10;System info: host: &apos;DEVENDRAGUPTA&apos;, ip: &apos;192.168.30.32&apos;, os.name: &apos;Windows 10&apos;, os.arch: &apos;amd64&apos;, os.version: &apos;10.0&apos;, java.version: &apos;1.8.0_211&apos;&#10;Driver info: driver.version: ChromeDriver&#10;remote stacktrace: Backtrace:&#10;	Ordinal0 [0x00B17DF3+1474035]&#10;	Ordinal0 [0x00A907D1+919505]&#10;	Ordinal0 [0x00A2C9B9+510393]&#10;	Ordinal0 [0x00A25749+481097]&#10;	Ordinal0 [0x00A25CE7+482535]&#10;	Ordinal0 [0x00A26D55+486741]&#10;	Ordinal0 [0x00A22C2F+470063]&#10;	Ordinal0 [0x00A2D7F0+514032]&#10;	Ordinal0 [0x009E15EA+202218]&#10;	Ordinal0 [0x009E069D+198301]&#10;	Ordinal0 [0x009DEECB+192203]&#10;	Ordinal0 [0x009C5FF6+90102]&#10;	Ordinal0 [0x009C765A+95834]&#10;	Ordinal0 [0x009C7554+95572]&#10;	GetHandleVerifier [0x00C7231C+1249612]&#10;	GetHandleVerifier [0x00BC1575+525221]&#10;	GetHandleVerifier [0x00BC1310+524608]&#10;	Ordinal0 [0x00B25D28+1531176]&#10;	GetHandleVerifier [0x00BC1D4A+527226]&#10;	Ordinal0 [0x00AA75F6+1013238]&#10;	Ordinal0 [0x00AA746F+1012847]&#10;	Ordinal0 [0x00AB365B+1062491]&#10;	Ordinal0 [0x00AB379F+1062815]&#10;	Ordinal0 [0x00AB2745+1058629]&#10;	BaseThreadInitThunk [0x760F0419+25]&#10;	RtlGetAppContainerNamedObjectPath [0x7747662D+237]&#10;	RtlGetAppContainerNamedObjectPath [0x774765FD+189]&#10;"/>
  </testcase>
  <testcase name="main" classname="Hotel_Dweb.Hotel" time="0">
    <skipped message="session not created&#10;from chrome not reachable&#10;  (Session info: chrome=75.0.3770.80)&#10;Build info: version: &apos;3.8.1&apos;, revision: &apos;6e95a6684b&apos;, time: &apos;2017-12-01T18:33:54.468Z&apos;&#10;System info: host: &apos;DEVENDRAGUPTA&apos;, ip: &apos;192.168.30.32&apos;, os.name: &apos;Windows 10&apos;, os.arch: &apos;amd64&apos;, os.version: &apos;10.0&apos;, java.version: &apos;1.8.0_211&apos;&#10;Driver info: driver.version: ChromeDriver&#10;remote stacktrace: Backtrace:&#10;	Ordinal0 [0x00B17DF3+1474035]&#10;	Ordinal0 [0x00A907D1+919505]&#10;	Ordinal0 [0x00A2C9B9+510393]&#10;	Ordinal0 [0x00A25749+481097]&#10;	Ordinal0 [0x00A25CE7+482535]&#10;	Ordinal0 [0x00A26D55+486741]&#10;	Ordinal0 [0x00A22C2F+470063]&#10;	Ordinal0 [0x00A2D7F0+514032]&#10;	Ordinal0 [0x009E15EA+202218]&#10;	Ordinal0 [0x009E069D+198301]&#10;	Ordinal0 [0x009DEECB+192203]&#10;	Ordinal0 [0x009C5FF6+90102]&#10;	Ordinal0 [0x009C765A+95834]&#10;	Ordinal0 [0x009C7554+95572]&#10;	GetHandleVerifier [0x00C7231C+1249612]&#10;	GetHandleVerifier [0x00BC1575+525221]&#10;	GetHandleVerifier [0x00BC1310+524608]&#10;	Ordinal0 [0x00B25D28+1531176]&#10;	GetHandleVerifier [0x00BC1D4A+527226]&#10;	Ordinal0 [0x00AA75F6+1013238]&#10;	Ordinal0 [0x00AA746F+1012847]&#10;	Ordinal0 [0x00AB365B+1062491]&#10;	Ordinal0 [0x00AB379F+1062815]&#10;	Ordinal0 [0x00AB2745+1058629]&#10;	BaseThreadInitThunk [0x760F0419+25]&#10;	RtlGetAppContainerNamedObjectPath [0x7747662D+237]&#10;	RtlGetAppContainerNamedObjectPath [0x774765FD+189]&#10;"/>
  </testcase>
  <testcase name="main" classname="Hotel_Dweb.Hotel" time="0">
    <skipped message="session not created&#10;from chrome not reachable&#10;  (Session info: chrome=75.0.3770.80)&#10;Build info: version: &apos;3.8.1&apos;, revision: &apos;6e95a6684b&apos;, time: &apos;2017-12-01T18:33:54.468Z&apos;&#10;System info: host: &apos;DEVENDRAGUPTA&apos;, ip: &apos;192.168.30.32&apos;, os.name: &apos;Windows 10&apos;, os.arch: &apos;amd64&apos;, os.version: &apos;10.0&apos;, java.version: &apos;1.8.0_211&apos;&#10;Driver info: driver.version: ChromeDriver&#10;remote stacktrace: Backtrace:&#10;	Ordinal0 [0x00B17DF3+1474035]&#10;	Ordinal0 [0x00A907D1+919505]&#10;	Ordinal0 [0x00A2C9B9+510393]&#10;	Ordinal0 [0x00A25749+481097]&#10;	Ordinal0 [0x00A25CE7+482535]&#10;	Ordinal0 [0x00A26D55+486741]&#10;	Ordinal0 [0x00A22C2F+470063]&#10;	Ordinal0 [0x00A2D7F0+514032]&#10;	Ordinal0 [0x009E15EA+202218]&#10;	Ordinal0 [0x009E069D+198301]&#10;	Ordinal0 [0x009DEECB+192203]&#10;	Ordinal0 [0x009C5FF6+90102]&#10;	Ordinal0 [0x009C765A+95834]&#10;	Ordinal0 [0x009C7554+95572]&#10;	GetHandleVerifier [0x00C7231C+1249612]&#10;	GetHandleVerifier [0x00BC1575+525221]&#10;	GetHandleVerifier [0x00BC1310+524608]&#10;	Ordinal0 [0x00B25D28+1531176]&#10;	GetHandleVerifier [0x00BC1D4A+527226]&#10;	Ordinal0 [0x00AA75F6+1013238]&#10;	Ordinal0 [0x00AA746F+1012847]&#10;	Ordinal0 [0x00AB365B+1062491]&#10;	Ordinal0 [0x00AB379F+1062815]&#10;	Ordinal0 [0x00AB2745+1058629]&#10;	BaseThreadInitThunk [0x760F0419+25]&#10;	RtlGetAppContainerNamedObjectPath [0x7747662D+237]&#10;	RtlGetAppContainerNamedObjectPath [0x774765FD+189]&#10;"/>
  </testcase>
  <testcase name="sessionclose" classname="Hotel_Dweb.Hotel" time="0">
    <skipped/>
  </testcase>
  <testcase name="sessionclose" classname="Hotel_Dweb.Hotel" time="0">
    <skipped/>
  </testcase>
  <testcase name="sessionclose" classname="Hotel_Dweb.Hotel" time="0">
    <skipped/>
  </testcase>
  <testcase name="sessionclose" classname="Hotel_Dweb.Hotel" time="0">
    <skipped/>
  </testcase>
</testsuite>