<?xml version="1.0" encoding="UTF-8"?>
<testng-results skipped="0" failed="0" ignored="0" total="3" passed="3">
  <reporter-output>
    <line>
      <![CDATA[========= Browser Seesion Started=======]]>
    </line>
    <line>
      <![CDATA[=====Website Url is opening=====]]>
    </line>
    <line>
      <![CDATA[ ========== TestCase Started on homepage ======]]>
    </line>
    <line>
      <![CDATA[Hotelicon passed]]>
    </line>
    <line>
      <![CDATA[Enter the location passed]]>
    </line>
    <line>
      <![CDATA[Select dropdown passed ]]>
    </line>
    <line>
      <![CDATA[Checkin passed]]>
    </line>
    <line>
      <![CDATA[Searchbutton passed]]>
    </line>
    <line>
      <![CDATA[======Test case start on SRP page]]>
    </line>
    <line>
      <![CDATA[Check all filters on SRP page]]>
    </line>
    <line>
      <![CDATA[Hotelselection passed]]>
    </line>
    <line>
      <![CDATA[SelectHotel passed]]>
    </line>
    <line>
      <![CDATA[======= Assertion check on Review page =======]]>
    </line>
    <line>
      <![CDATA[Traveller details passed]]>
    </line>
    <line>
      <![CDATA[Proc_To_Payment passed]]>
    </line>
    <line>
      <![CDATA[=======Assertion Check start on Payment page=======]]>
    </line>
    <line>
      <![CDATA[========= Browser Seesion Started=======]]>
    </line>
    <line>
      <![CDATA[=====Website Url is opening=====]]>
    </line>
    <line>
      <![CDATA[ ========== TestCase Started on homepage ======]]>
    </line>
    <line>
      <![CDATA[Hotelicon passed]]>
    </line>
    <line>
      <![CDATA[Enter the location passed]]>
    </line>
    <line>
      <![CDATA[Select dropdown passed ]]>
    </line>
    <line>
      <![CDATA[Checkin passed]]>
    </line>
    <line>
      <![CDATA[Searchbutton passed]]>
    </line>
    <line>
      <![CDATA[======Test case start on SRP page]]>
    </line>
    <line>
      <![CDATA[Check all filters on SRP page]]>
    </line>
    <line>
      <![CDATA[Hotelselection passed]]>
    </line>
    <line>
      <![CDATA[SelectHotel passed]]>
    </line>
    <line>
      <![CDATA[======= Assertion check on Review page =======]]>
    </line>
    <line>
      <![CDATA[Traveller details passed]]>
    </line>
    <line>
      <![CDATA[Proc_To_Payment passed]]>
    </line>
    <line>
      <![CDATA[=======Assertion Check start on Payment page=======]]>
    </line>
    <line>
      <![CDATA[========= Browser Seesion Started=======]]>
    </line>
    <line>
      <![CDATA[=====Website Url is opening=====]]>
    </line>
    <line>
      <![CDATA[ ========== TestCase Started on homepage ======]]>
    </line>
    <line>
      <![CDATA[Hotelicon passed]]>
    </line>
    <line>
      <![CDATA[Enter the location passed]]>
    </line>
    <line>
      <![CDATA[Select dropdown passed ]]>
    </line>
    <line>
      <![CDATA[Checkin passed]]>
    </line>
    <line>
      <![CDATA[Searchbutton passed]]>
    </line>
    <line>
      <![CDATA[======Test case start on SRP page]]>
    </line>
    <line>
      <![CDATA[Check all filters on SRP page]]>
    </line>
    <line>
      <![CDATA[Hotelselection passed]]>
    </line>
    <line>
      <![CDATA[SelectHotel passed]]>
    </line>
    <line>
      <![CDATA[======= Assertion check on Review page =======]]>
    </line>
    <line>
      <![CDATA[Traveller details passed]]>
    </line>
    <line>
      <![CDATA[Proc_To_Payment passed]]>
    </line>
    <line>
      <![CDATA[=======Assertion Check start on Payment page=======]]>
    </line>
  </reporter-output>
  <suite name="Default suite" duration-ms="318336" started-at="2020-07-08T11:58:02Z" finished-at="2020-07-08T12:03:20Z">
    <groups>
    </groups>
    <test name="Default test" duration-ms="318336" started-at="2020-07-08T11:58:02Z" finished-at="2020-07-08T12:03:20Z">
      <class name="Hotel_Dweb.Hotel">
        <test-method status="PASS" signature="SetupApplication()[pri:0, instance:Hotel_Dweb.Hotel@2f686d1f]" name="SetupApplication" is-config="true" duration-ms="22806" started-at="2020-07-08T11:58:02Z" finished-at="2020-07-08T11:58:25Z">
          <reporter-output>
            <line>
              <![CDATA[========= Browser Seesion Started=======]]>
            </line>
            <line>
              <![CDATA[=====Website Url is opening=====]]>
            </line>
          </reporter-output>
        </test-method> <!-- SetupApplication -->
        <test-method status="PASS" signature="main(java.lang.String)[pri:0, instance:Hotel_Dweb.Hotel@2f686d1f]" name="main" duration-ms="64554" started-at="2020-07-08T11:58:25Z" data-provider="hoteldata" finished-at="2020-07-08T11:59:29Z">
          <params>
            <param index="0">
              <value>
                <![CDATA[Delhi]]>
              </value>
            </param>
          </params>
          <reporter-output>
            <line>
              <![CDATA[ ========== TestCase Started on homepage ======]]>
            </line>
            <line>
              <![CDATA[Hotelicon passed]]>
            </line>
            <line>
              <![CDATA[Enter the location passed]]>
            </line>
            <line>
              <![CDATA[Select dropdown passed ]]>
            </line>
            <line>
              <![CDATA[Checkin passed]]>
            </line>
            <line>
              <![CDATA[Searchbutton passed]]>
            </line>
            <line>
              <![CDATA[======Test case start on SRP page]]>
            </line>
            <line>
              <![CDATA[Check all filters on SRP page]]>
            </line>
            <line>
              <![CDATA[Hotelselection passed]]>
            </line>
            <line>
              <![CDATA[SelectHotel passed]]>
            </line>
            <line>
              <![CDATA[======= Assertion check on Review page =======]]>
            </line>
            <line>
              <![CDATA[Traveller details passed]]>
            </line>
            <line>
              <![CDATA[Proc_To_Payment passed]]>
            </line>
            <line>
              <![CDATA[=======Assertion Check start on Payment page=======]]>
            </line>
          </reporter-output>
        </test-method> <!-- main -->
        <test-method status="PASS" signature="sessionclose()[pri:0, instance:Hotel_Dweb.Hotel@2f686d1f]" name="sessionclose" is-config="true" duration-ms="1301" started-at="2020-07-08T11:59:29Z" finished-at="2020-07-08T11:59:30Z">
          <reporter-output>
          </reporter-output>
        </test-method> <!-- sessionclose -->
        <test-method status="PASS" signature="SetupApplication()[pri:0, instance:Hotel_Dweb.Hotel@2f686d1f]" name="SetupApplication" is-config="true" duration-ms="43805" started-at="2020-07-08T11:59:30Z" finished-at="2020-07-08T12:00:14Z">
          <reporter-output>
            <line>
              <![CDATA[========= Browser Seesion Started=======]]>
            </line>
            <line>
              <![CDATA[=====Website Url is opening=====]]>
            </line>
          </reporter-output>
        </test-method> <!-- SetupApplication -->
        <test-method status="PASS" signature="main(java.lang.String)[pri:0, instance:Hotel_Dweb.Hotel@2f686d1f]" name="main" duration-ms="59468" started-at="2020-07-08T12:00:14Z" data-provider="hoteldata" finished-at="2020-07-08T12:01:14Z">
          <params>
            <param index="0">
              <value>
                <![CDATA[Amritsar]]>
              </value>
            </param>
          </params>
          <reporter-output>
            <line>
              <![CDATA[ ========== TestCase Started on homepage ======]]>
            </line>
            <line>
              <![CDATA[Hotelicon passed]]>
            </line>
            <line>
              <![CDATA[Enter the location passed]]>
            </line>
            <line>
              <![CDATA[Select dropdown passed ]]>
            </line>
            <line>
              <![CDATA[Checkin passed]]>
            </line>
            <line>
              <![CDATA[Searchbutton passed]]>
            </line>
            <line>
              <![CDATA[======Test case start on SRP page]]>
            </line>
            <line>
              <![CDATA[Check all filters on SRP page]]>
            </line>
            <line>
              <![CDATA[Hotelselection passed]]>
            </line>
            <line>
              <![CDATA[SelectHotel passed]]>
            </line>
            <line>
              <![CDATA[======= Assertion check on Review page =======]]>
            </line>
            <line>
              <![CDATA[Traveller details passed]]>
            </line>
            <line>
              <![CDATA[Proc_To_Payment passed]]>
            </line>
            <line>
              <![CDATA[=======Assertion Check start on Payment page=======]]>
            </line>
          </reporter-output>
        </test-method> <!-- main -->
        <test-method status="PASS" signature="sessionclose()[pri:0, instance:Hotel_Dweb.Hotel@2f686d1f]" name="sessionclose" is-config="true" duration-ms="1205" started-at="2020-07-08T12:01:14Z" finished-at="2020-07-08T12:01:15Z">
          <reporter-output>
          </reporter-output>
        </test-method> <!-- sessionclose -->
        <test-method status="PASS" signature="SetupApplication()[pri:0, instance:Hotel_Dweb.Hotel@2f686d1f]" name="SetupApplication" is-config="true" duration-ms="37559" started-at="2020-07-08T12:01:15Z" finished-at="2020-07-08T12:01:52Z">
          <reporter-output>
            <line>
              <![CDATA[========= Browser Seesion Started=======]]>
            </line>
            <line>
              <![CDATA[=====Website Url is opening=====]]>
            </line>
          </reporter-output>
        </test-method> <!-- SetupApplication -->
        <test-method status="PASS" signature="main(java.lang.String)[pri:0, instance:Hotel_Dweb.Hotel@2f686d1f]" name="main" duration-ms="86348" started-at="2020-07-08T12:01:52Z" data-provider="hoteldata" finished-at="2020-07-08T12:03:19Z">
          <params>
            <param index="0">
              <value>
                <![CDATA[Gurgaon]]>
              </value>
            </param>
          </params>
          <reporter-output>
            <line>
              <![CDATA[ ========== TestCase Started on homepage ======]]>
            </line>
            <line>
              <![CDATA[Hotelicon passed]]>
            </line>
            <line>
              <![CDATA[Enter the location passed]]>
            </line>
            <line>
              <![CDATA[Select dropdown passed ]]>
            </line>
            <line>
              <![CDATA[Checkin passed]]>
            </line>
            <line>
              <![CDATA[Searchbutton passed]]>
            </line>
            <line>
              <![CDATA[======Test case start on SRP page]]>
            </line>
            <line>
              <![CDATA[Check all filters on SRP page]]>
            </line>
            <line>
              <![CDATA[Hotelselection passed]]>
            </line>
            <line>
              <![CDATA[SelectHotel passed]]>
            </line>
            <line>
              <![CDATA[======= Assertion check on Review page =======]]>
            </line>
            <line>
              <![CDATA[Traveller details passed]]>
            </line>
            <line>
              <![CDATA[Proc_To_Payment passed]]>
            </line>
            <line>
              <![CDATA[=======Assertion Check start on Payment page=======]]>
            </line>
          </reporter-output>
        </test-method> <!-- main -->
        <test-method status="PASS" signature="sessionclose()[pri:0, instance:Hotel_Dweb.Hotel@2f686d1f]" name="sessionclose" is-config="true" duration-ms="1254" started-at="2020-07-08T12:03:19Z" finished-at="2020-07-08T12:03:20Z">
          <reporter-output>
          </reporter-output>
        </test-method> <!-- sessionclose -->
      </class> <!-- Hotel_Dweb.Hotel -->
    </test> <!-- Default test -->
  </suite> <!-- Default suite -->
</testng-results>
